mode: set
template_parser/template_parser.go:11.28,18.17 4 0
template_parser/template_parser.go:22.3,22.36 1 0
template_parser/template_parser.go:18.17,20.4 1 0
template_parser/template_parser.go:25.41,27.17 2 1
template_parser/template_parser.go:30.3,30.11 1 1
template_parser/template_parser.go:27.17,28.15 1 0
template_parser/template_parser.go:33.76,39.22 5 0
template_parser/template_parser.go:45.3,45.87 1 0
template_parser/template_parser.go:39.22,41.34 2 0
template_parser/template_parser.go:41.34,43.6 1 0
template_parser/template_parser.go:48.46,52.17 3 1
template_parser/template_parser.go:56.3,56.13 1 1
template_parser/template_parser.go:52.17,54.4 1 0
template_parser/template_parser.go:59.58,61.17 2 1
template_parser/template_parser.go:64.3,67.17 3 1
template_parser/template_parser.go:70.3,72.13 2 1
template_parser/template_parser.go:61.17,63.4 1 0
template_parser/template_parser.go:67.17,69.4 1 0
template_parser/template_parser.go:75.66,85.17 9 1
template_parser/template_parser.go:88.3,89.28 2 1
template_parser/template_parser.go:85.17,87.4 1 0
template_parser/template_parser.go:92.64,95.27 3 1
template_parser/template_parser.go:98.3,98.33 1 1
template_parser/template_parser.go:95.27,97.4 1 1
template_parser/template_parser.go:98.33,100.4 1 1
template_parser/template_parser.go:103.52,105.23 2 1
template_parser/template_parser.go:108.3,108.22 1 1
template_parser/template_parser.go:105.23,107.4 1 1
template_parser/template_parser.go:108.22,110.4 1 1
template_parser/template_parser.go:113.73,115.22 2 1
template_parser/template_parser.go:123.3,123.12 1 1
template_parser/template_parser.go:115.22,118.49 3 1
template_parser/template_parser.go:118.49,120.6 1 1
template_parser/template_parser.go:126.105,130.31 4 1
template_parser/template_parser.go:133.3,134.22 2 1
template_parser/template_parser.go:146.3,146.33 1 1
template_parser/template_parser.go:150.3,151.13 2 1
template_parser/template_parser.go:130.31,132.4 1 1
template_parser/template_parser.go:134.22,136.40 2 1
template_parser/template_parser.go:136.40,138.48 2 1
template_parser/template_parser.go:141.7,142.40 2 1
template_parser/template_parser.go:138.48,139.14 1 1
template_parser/template_parser.go:146.33,148.4 1 0
template_parser/template_parser.go:154.61,156.2 0 1
template_parser/template_parser.go:158.73,159.44 1 1
template_parser/template_parser.go:162.3,162.45 1 1
template_parser/template_parser.go:165.3,165.51 1 1
template_parser/template_parser.go:159.44,161.4 1 1
template_parser/template_parser.go:162.45,164.4 1 1
template_parser/template_parser.go:165.51,167.4 1 1
template_parser/template_parser.go:170.61,171.45 1 1
template_parser/template_parser.go:174.3,174.44 1 1
template_parser/template_parser.go:171.45,173.4 1 1
template_parser/template_parser.go:174.44,176.4 1 1
template_parser/template_parser.go:179.13,182.2 2 0
